<?xml version="1.0" encoding="UTF-8"?>
<!-- Generated by org.testng.reporters.JUnitReportReporter -->
<testsuite hostname="Vivek" failures="0" tests="1" name="Excelsheet.Excel" time="1.049" errors="0" timestamp="2023-09-30T12:24:37 IST" skipped="0">
  <testcase classname="Excelsheet.Excel" name="Data" time="1.049"/>
</testsuite> <!-- Excelsheet.Excel -->
