<?xml version="1.0" encoding="UTF-8"?>
<!-- Generated by org.testng.reporters.JUnitReportReporter -->
<testsuite hostname="Vivek" failures="0" tests="1" name="screenshot.Smallpartss" time="5.346" errors="0" timestamp="2023-10-18T13:33:25 IST" skipped="0">
  <testcase classname="screenshot.Smallpartss" name="SmallPArtss" time="5.346"/>
</testsuite> <!-- screenshot.Smallpartss -->
