<?xml version="1.0" encoding="UTF-8"?>
<!-- Generated by org.testng.reporters.JUnitReportReporter -->
<testsuite hostname="Vivek" failures="0" tests="1" name="Finalproject.MavFinal.B" time="7.951" errors="0" timestamp="2023-10-18T13:33:25 IST" skipped="0">
  <testcase classname="Finalproject.MavFinal.B" name="name2" time="7.951"/>
</testsuite> <!-- Finalproject.MavFinal.B -->
