<?xml version="1.0" encoding="UTF-8"?>
<!-- Generated by org.testng.reporters.JUnitReportReporter -->
<testsuite hostname="Vivek" failures="0" tests="1" name="Excelsheet.dataExcel$Excel" time="36.595" errors="0" timestamp="2023-09-30T12:56:02 IST" skipped="0">
  <testcase classname="Excelsheet.dataExcel$Excel" name="Data" time="36.595"/>
</testsuite> <!-- Excelsheet.dataExcel$Excel -->
