<?xml version="1.0" encoding="UTF-8"?>
<!-- Generated by org.testng.reporters.JUnitReportReporter -->
<testsuite hostname="Vivek" failures="0" tests="1" name="screenshot.ss" time="5.484" errors="0" timestamp="2023-10-18T13:33:25 IST" skipped="0">
  <testcase classname="screenshot.ss" name="Capturingss" time="5.484"/>
</testsuite> <!-- screenshot.ss -->
