<?xml version="1.0" encoding="UTF-8"?>
<!-- Generated by org.testng.reporters.JUnitReportReporter -->
<testsuite hostname="Vivek" failures="0" tests="2" name="Finalproject.MavFinal.A" time="0.004" errors="0" timestamp="2023-10-18T13:33:25 IST" skipped="0">
  <testcase classname="Finalproject.MavFinal.A" name="name2" time="0.001"/>
  <testcase classname="Finalproject.MavFinal.A" name="name" time="0.003"/>
</testsuite> <!-- Finalproject.MavFinal.A -->
