<?xml version="1.0" encoding="UTF-8"?>
<!-- Generated by org.testng.reporters.JUnitReportReporter -->
<testsuite hostname="Vivek" failures="0" tests="1" name="Excelsheet.dataExcel$Excel" time="31.456" errors="0" timestamp="2023-10-18T13:33:25 IST" skipped="0">
  <testcase classname="Excelsheet.dataExcel$Excel" name="Data" time="31.456"/>
</testsuite> <!-- Excelsheet.dataExcel$Excel -->
