<?xml version="1.0" encoding="UTF-8"?>
<!-- Generated by org.testng.reporters.JUnitReportReporter -->
<testsuite hostname="Vivek" failures="0" tests="1" name="Excelsheet.Excel" time="0.028" errors="0" timestamp="2023-10-18T13:33:25 IST" skipped="0">
  <testcase classname="Excelsheet.Excel" name="Data" time="0.028"/>
</testsuite> <!-- Excelsheet.Excel -->
