<?xml version="1.0" encoding="UTF-8"?>
<!-- Generated by org.testng.reporters.JUnitReportReporter -->
<testsuite hostname="Vivek" failures="0" tests="1" name="TestCases.LoginPage" time="38.477" errors="0" timestamp="2023-10-06T19:43:22 IST" skipped="0">
  <testcase classname="TestCases.LoginPage" name="verifyLogin" time="38.477"/>
</testsuite> <!-- TestCases.LoginPage -->
