<?xml version="1.0" encoding="UTF-8"?>
<!-- Generated by org.testng.reporters.JUnitReportReporter -->
<testsuite hostname="Vivek" failures="0" tests="1" name="Finalproject.MavFinal.A" time="0.008" errors="0" timestamp="2023-09-28T13:10:55 IST" skipped="0">
  <testcase classname="Finalproject.MavFinal.A" name="name" time="0.008"/>
</testsuite> <!-- Finalproject.MavFinal.A -->
