<?xml version="1.0" encoding="UTF-8"?>
<!-- Generated by org.testng.reporters.JUnitReportReporter -->
<testsuite hostname="Vivek" failures="0" tests="1" name="REgistration.Registration" time="20.398" errors="0" timestamp="2023-10-18T13:33:25 IST" skipped="0">
  <testcase classname="REgistration.Registration" name="Register" time="20.398"/>
</testsuite> <!-- REgistration.Registration -->
