<?xml version="1.0" encoding="UTF-8"?>
<!-- Generated by org.testng.reporters.JUnitReportReporter -->
<testsuite hostname="Vivek" failures="0" tests="1" name="TestCases.VerifyLoginPage" time="59.136" errors="0" timestamp="2023-10-07T00:14:13 IST" skipped="0">
  <testcase classname="TestCases.VerifyLoginPage" name="verifylogin" time="59.136"/>
</testsuite> <!-- TestCases.VerifyLoginPage -->
