<?xml version="1.0" encoding="UTF-8"?>
<!-- Generated by org.testng.reporters.JUnitReportReporter -->
<testsuite hostname="Vivek" failures="0" tests="1" name="screenshot.ss" time="9.651" errors="0" timestamp="2023-10-04T20:12:24 IST" skipped="0">
  <testcase classname="screenshot.ss" name="Capturingss" time="9.651"/>
</testsuite> <!-- screenshot.ss -->
