<?xml version="1.0" encoding="UTF-8"?>
<!-- Generated by org.testng.reporters.JUnitReportReporter -->
<testsuite hostname="Vivek" failures="0" tests="1" name="Finalproject.MavFinal.B" time="18.382" errors="0" timestamp="2023-09-28T13:22:51 IST" skipped="0">
  <testcase classname="Finalproject.MavFinal.B" name="name2" time="18.382"/>
</testsuite> <!-- Finalproject.MavFinal.B -->
